<?xml version="1.0" encoding="utf-8"?><testsuites><testsuite name="pytest" errors="0" failures="1" skipped="0" tests="43" time="2.212" timestamp="2025-05-12T10:32:55.903074+00:00" hostname="fv-az1673-195"><testcase classname="tests.db_import.test_db_import" name="test_month_name_to_int" time="0.003" /><testcase classname="tests.db_import.test_db_import" name="test_merge_start_date" time="0.001" /><testcase classname="tests.db_import.test_db_import" name="test_merge_end_date" time="0.001" /><testcase classname="tests.db_import.test_db_import" name="test_update_database_from_excel_recurring" time="0.208" /><testcase classname="tests.db_import.test_db_import" name="test_update_database_from_excel_monthly" time="0.037" /><testcase classname="tests.routes.test_admin_routes" name="test_file_not_found" time="0.001" /><testcase classname="tests.routes.test_admin_routes" name="test_login_success" time="0.114"><failure message="assert 200 == 302&#10; +  where 200 = &lt;WrapperTestResponse streamed [200 OK]&gt;.status_code">client = &lt;FlaskClient &lt;Flask 'tests.routes.test_admin_routes'&gt;&gt;
monkeypatch = &lt;_pytest.monkeypatch.MonkeyPatch object at 0x7f8620e515b0&gt;

    def test_login_success(client, monkeypatch):
        """Test successful admin login."""
        monkeypatch.setattr("routes.admin_routes.ADMIN_USERNAME", "adm1n")
        monkeypatch.setattr("routes.admin_routes.ADMIN_PASSWORD", "str0ngpassw0rd")
    
        with patch("werkzeug.security.check_password_hash", return_value=True):
            response = client.post(
                "/admin/login", data={"username": "adm1n", "password": "str0ngpassw0rd"}
            )
&gt;           assert response.status_code == 302
E           assert 200 == 302
E            +  where 200 = &lt;WrapperTestResponse streamed [200 OK]&gt;.status_code

tests/routes/test_admin_routes.py:48: AssertionError</failure></testcase><testcase classname="tests.routes.test_admin_routes" name="test_login_failure" time="0.011" /><testcase classname="tests.routes.test_admin_routes" name="test_logout" time="0.007" /><testcase classname="tests.routes.test_admin_routes" name="test_dashboard_access" time="0.008" /><testcase classname="tests.routes.test_admin_routes" name="test_dashboard_redirect" time="0.015" /><testcase classname="tests.routes.test_admin_routes" name="test_edit_table_missing_params" time="0.008" /><testcase classname="tests.routes.test_admin_routes" name="test_edit_table_db_error" time="0.009" /><testcase classname="tests.routes.test_admin_routes" name="test_edit_table_get_success" time="0.013" /><testcase classname="tests.routes.test_admin_routes" name="test_edit_table_post_success" time="0.008" /><testcase classname="tests.routes.test_admin_routes" name="test_edit_table_post_failure" time="0.009" /><testcase classname="tests.routes.test_expense_routes" name="test_add_expense_success" time="0.006" /><testcase classname="tests.routes.test_expense_routes" name="test_add_expense_error" time="0.052" /><testcase classname="tests.routes.test_index_routes" name="test_index_success" time="0.010" /><testcase classname="tests.routes.test_index_routes" name="test_index_error" time="0.007" /><testcase classname="tests.routes.test_index_routes" name="test_upload_excel_get" time="0.007" /><testcase classname="tests.routes.test_index_routes" name="test_upload_excel_post_success" time="0.132" /><testcase classname="tests.routes.test_index_routes" name="test_upload_excel_post_missing_data" time="0.008" /><testcase classname="tests.routes.test_index_routes" name="test_upload_excel_post_exception" time="0.007" /><testcase classname="tests.routes.test_plot_routes" name="test_plot_expenditure_success" time="0.063" /><testcase classname="tests.routes.test_plot_routes" name="test_plot_custom_expenditure_success" time="0.012" /><testcase classname="tests.routes.test_plot_routes" name="test_plot_expenditure_error" time="0.004" /><testcase classname="tests.routes.test_plot_routes" name="test_plot_custom_expenditure_missing_params" time="0.052" /><testcase classname="tests.routes.test_plot_routes" name="test_plot_custom_expenditure_error" time="0.005" /><testcase classname="tests.routes.test_recurring_routes" name="test_add_recurring_success" time="0.005" /><testcase classname="tests.routes.test_recurring_routes" name="test_add_recurring_error" time="0.004" /><testcase classname="tests.routes.test_recurring_routes" name="test_add_recurring_missing_end_date" time="0.005" /><testcase classname="tests.routes.test_salary_routes" name="test_add_salary_success" time="0.006" /><testcase classname="tests.routes.test_salary_routes" name="test_add_salary_with_previous_entry" time="0.006" /><testcase classname="tests.routes.test_salary_routes" name="test_add_salary_error" time="0.004" /><testcase classname="tests.setup.test_setup_db" name="test_get_db_creates_tables" time="0.003" /><testcase classname="tests.setup.test_setup_stg" name="test_cfg_setup_with_valid_api_key" time="0.001" /><testcase classname="tests.setup.test_setup_stg" name="test_cfg_setup_with_missing_api_key_and_error_bypass" time="0.001" /><testcase classname="tests.setup.test_setup_stg" name="test_cfg_setup_with_missing_api_key_and_no_error_bypass" time="0.002" /><testcase classname="tests.test_main" name="test_register_blueprints_called" time="0.004" /><testcase classname="tests.test_main" name="test_debug_mode_enabled" time="0.001" /><testcase classname="tests.test_main" name="test_debug_mode_disabled" time="0.001" /><testcase classname="tests.test_main" name="test_app_secret_key" time="0.007" /></testsuite></testsuites>