<?xml version="1.0" encoding="utf-8"?><testsuites><testsuite name="pytest" errors="0" failures="0" skipped="0" tests="22" time="4.332" timestamp="2025-03-28T13:43:40.889781+00:00" hostname="fv-az1788-671"><testcase classname="tests.routes.test_expense_routes" name="test_add_expense_success" time="0.034" /><testcase classname="tests.routes.test_expense_routes" name="test_add_expense_error" time="0.055" /><testcase classname="tests.routes.test_index_routes" name="test_index_success" time="0.016" /><testcase classname="tests.routes.test_index_routes" name="test_index_error" time="0.004" /><testcase classname="tests.routes.test_plot_routes" name="test_plot_expenditure_success" time="0.009" /><testcase classname="tests.routes.test_plot_routes" name="test_plot_custom_expenditure_success" time="0.008" /><testcase classname="tests.routes.test_plot_routes" name="test_plot_expenditure_error" time="0.004" /><testcase classname="tests.routes.test_plot_routes" name="test_plot_custom_expenditure_missing_params" time="0.003" /><testcase classname="tests.routes.test_plot_routes" name="test_plot_custom_expenditure_error" time="0.004" /><testcase classname="tests.routes.test_recurring_routes" name="test_add_recurring_success" time="0.006" /><testcase classname="tests.routes.test_recurring_routes" name="test_add_recurring_error" time="0.004" /><testcase classname="tests.routes.test_recurring_routes" name="test_add_recurring_missing_end_date" time="0.005" /><testcase classname="tests.routes.test_salary_routes" name="test_add_salary_success" time="0.005" /><testcase classname="tests.routes.test_salary_routes" name="test_add_salary_with_previous_entry" time="0.005" /><testcase classname="tests.routes.test_salary_routes" name="test_add_salary_error" time="0.003" /><testcase classname="tests.setup.test_setup_db" name="test_get_db_creates_tables" time="0.003" /><testcase classname="tests.setup.test_setup_stg" name="test_cfg_setup_with_valid_api_key" time="0.001" /><testcase classname="tests.setup.test_setup_stg" name="test_cfg_setup_with_missing_api_key_and_error_bypass" time="0.001" /><testcase classname="tests.setup.test_setup_stg" name="test_cfg_setup_with_missing_api_key_and_no_error_bypass" time="0.002" /><testcase classname="tests.test_main" name="test_register_blueprints_called" time="0.002" /><testcase classname="tests.test_main" name="test_debug_mode_enabled" time="0.001" /><testcase classname="tests.test_main" name="test_debug_mode_disabled" time="0.001" /></testsuite></testsuites>